<?xml version="1.0" encoding="UTF-8"?>
<testng-results ignored="0" total="2" passed="2" failed="0" skipped="0">
  <reporter-output>
    <line>
      <![CDATA[Running Verify Text TC]]>
    </line>
    <line>
      <![CDATA[Running verifyImageDisplayedOrNot TC]]>
    </line>
  </reporter-output>
  <suite started-at="2024-02-20T20:10:37 IST" name="Default suite" finished-at="2024-02-20T20:10:48 IST" duration-ms="10786">
    <groups>
    </groups>
    <test started-at="2024-02-20T20:10:37 IST" name="Default test" finished-at="2024-02-20T20:10:48 IST" duration-ms="10786">
      <class name="Module1HomePageTest.HomePageTest">
        <test-method is-config="true" signature="openBrowser()[pri:0, instance:Module1HomePageTest.HomePageTest@618425b5]" started-at="2024-02-20T20:10:37 IST" name="openBrowser" finished-at="2024-02-20T20:10:41 IST" duration-ms="4289" status="PASS">
          <reporter-output>
          </reporter-output>
        </test-method> <!-- openBrowser -->
        <test-method signature="verifyText()[pri:1, instance:Module1HomePageTest.HomePageTest@618425b5]" started-at="2024-02-20T20:10:41 IST" name="verifyText" finished-at="2024-02-20T20:10:43 IST" duration-ms="1580" status="PASS">
          <reporter-output>
            <line>
              <![CDATA[Running Verify Text TC]]>
            </line>
          </reporter-output>
        </test-method> <!-- verifyText -->
        <test-method signature="verifyImageDisplayedOrNot()[pri:2, instance:Module1HomePageTest.HomePageTest@618425b5]" started-at="2024-02-20T20:10:43 IST" name="verifyImageDisplayedOrNot" finished-at="2024-02-20T20:10:45 IST" duration-ms="2629" status="PASS">
          <reporter-output>
            <line>
              <![CDATA[Running verifyImageDisplayedOrNot TC]]>
            </line>
          </reporter-output>
        </test-method> <!-- verifyImageDisplayedOrNot -->
        <test-method is-config="true" signature="closeBrowser()[pri:0, instance:Module1HomePageTest.HomePageTest@618425b5]" started-at="2024-02-20T20:10:45 IST" name="closeBrowser" finished-at="2024-02-20T20:10:48 IST" duration-ms="2259" status="PASS">
          <reporter-output>
          </reporter-output>
        </test-method> <!-- closeBrowser -->
      </class> <!-- Module1HomePageTest.HomePageTest -->
    </test> <!-- Default test -->
  </suite> <!-- Default suite -->
</testng-results>
